<?xml version="1.0" encoding="UTF-8"?>

<test driverID="test_regression" name="test-1126-1">
   <description>test</description>
   <files>
       <file path="regress_case/${testName}" />
   </files>
   <rules>
     <optlevelRule excludeOptlevelNameString="acc" />
     <optlevelRule excludeOptlevelNameString="syclcompat" />
   </rules>
</test>
