<?xml version="1.0" encoding="UTF-8"?>

<test driverID="test_regression" name="test-1901">
   <description>test</description>
   <files>
       <file path="regress_case/${testName}" />
   </files>
   <rules>
     <optlevelRule excludeOptlevelNameString="acc" />
     <optlevelRule excludeOptlevelNameString="usmnone" />
     <platformRule OSFamily="Linux" kit="CUDA9.2" kitRange="OLDER" runOnThisPlatform="false"/>
     <platformRule OSFamily="Windows" kit="CUDA9.2" kitRange="OLDER" runOnThisPlatform="false"/>
   </rules>
</test>
